<?xml version="1.0" encoding="UTF-8"?>
<coverage generated="1724041850184" clover="3.2.0">
  <project timestamp="1724041850184" name="All files">
    <metrics statements="51" coveredstatements="51" conditionals="11" coveredconditionals="11" methods="11" coveredmethods="11" elements="73" coveredelements="73" complexity="0" loc="51" ncloc="51" packages="1" files="3" classes="3"/>
    <file name="gilded_rose.ts" path="/home/vitor/code/kata/src/gilded_rose.ts">
      <metrics statements="12" coveredstatements="12" conditionals="0" coveredconditionals="0" methods="4" coveredmethods="4"/>
      <line num="1" count="1" type="stmt"/>
      <line num="4" count="1" type="stmt"/>
      <line num="10" count="5" type="stmt"/>
      <line num="11" count="5" type="stmt"/>
      <line num="12" count="5" type="stmt"/>
      <line num="16" count="1" type="stmt"/>
      <line num="20" count="5" type="stmt"/>
      <line num="24" count="46" type="stmt"/>
      <line num="25" count="46" type="stmt"/>
      <line num="26" count="46" type="stmt"/>
      <line num="29" count="46" type="stmt"/>
      <line num="33" count="1" type="stmt"/>
    </file>
    <file name="item_updater_registry.ts" path="/home/vitor/code/kata/src/item_updater_registry.ts">
      <metrics statements="13" coveredstatements="13" conditionals="1" coveredconditionals="1" methods="2" coveredmethods="2"/>
      <line num="3" count="1" type="stmt"/>
      <line num="5" count="1" type="stmt"/>
      <line num="6" count="1" type="stmt"/>
      <line num="9" count="5" type="stmt"/>
      <line num="13" count="46" type="stmt"/>
      <line num="14" count="167" type="cond" truecount="1" falsecount="0"/>
      <line num="15" count="41" type="stmt"/>
      <line num="19" count="5" type="stmt"/>
      <line num="23" count="1" type="stmt"/>
      <line num="24" count="1" type="stmt"/>
      <line num="25" count="1" type="stmt"/>
      <line num="26" count="1" type="stmt"/>
      <line num="27" count="1" type="stmt"/>
    </file>
    <file name="updaters.ts" path="/home/vitor/code/kata/src/updaters.ts">
      <metrics statements="26" coveredstatements="26" conditionals="10" coveredconditionals="10" methods="5" coveredmethods="5"/>
      <line num="4" count="1" type="stmt"/>
      <line num="7" count="5" type="cond" truecount="2" falsecount="0"/>
      <line num="8" count="1" type="stmt"/>
      <line num="10" count="4" type="stmt"/>
      <line num="12" count="5" type="stmt"/>
      <line num="13" count="5" type="stmt"/>
      <line num="17" count="1" type="stmt"/>
      <line num="23" count="1" type="stmt"/>
      <line num="25" count="5" type="stmt"/>
      <line num="26" count="5" type="stmt"/>
      <line num="30" count="1" type="stmt"/>
      <line num="33" count="16" type="cond" truecount="2" falsecount="0"/>
      <line num="34" count="1" type="stmt"/>
      <line num="35" count="15" type="cond" truecount="2" falsecount="0"/>
      <line num="36" count="5" type="stmt"/>
      <line num="37" count="10" type="cond" truecount="2" falsecount="0"/>
      <line num="38" count="5" type="stmt"/>
      <line num="40" count="5" type="stmt"/>
      <line num="43" count="16" type="stmt"/>
      <line num="44" count="16" type="stmt"/>
      <line num="48" count="1" type="stmt"/>
      <line num="51" count="15" type="cond" truecount="2" falsecount="0"/>
      <line num="52" count="8" type="stmt"/>
      <line num="54" count="7" type="stmt"/>
      <line num="57" count="15" type="stmt"/>
      <line num="58" count="15" type="stmt"/>
    </file>
  </project>
</coverage>
