TN:
SF:src/gilded_rose.ts
FN:9,(anonymous_0)
FN:19,(anonymous_1)
FN:23,(anonymous_2)
FN:24,(anonymous_3)
FNF:4
FNH:4
FNDA:5,(anonymous_0)
FNDA:5,(anonymous_1)
FNDA:46,(anonymous_2)
FNDA:46,(anonymous_3)
DA:1,1
DA:4,1
DA:10,5
DA:11,5
DA:12,5
DA:16,1
DA:20,5
DA:24,46
DA:25,46
DA:26,46
DA:29,46
DA:33,1
LF:12
LH:12
BRF:0
BRH:0
end_of_record
TN:
SF:src/item_updater_registry.ts
FN:8,(anonymous_0)
FN:12,(anonymous_1)
FNF:2
FNH:2
FNDA:5,(anonymous_0)
FNDA:46,(anonymous_1)
DA:3,1
DA:5,1
DA:6,1
DA:9,5
DA:13,46
DA:14,167
DA:15,41
DA:19,5
DA:23,1
DA:24,1
DA:25,1
DA:26,1
DA:27,1
LF:13
LH:13
BRDA:14,0,0,41
BRF:1
BRH:1
end_of_record
TN:
SF:src/updaters.ts
FN:5,(anonymous_0)
FN:18,(anonymous_1)
FN:24,(anonymous_2)
FN:31,(anonymous_3)
FN:49,(anonymous_4)
FNF:5
FNH:5
FNDA:5,(anonymous_0)
FNDA:5,(anonymous_1)
FNDA:5,(anonymous_2)
FNDA:16,(anonymous_3)
FNDA:15,(anonymous_4)
DA:4,1
DA:7,5
DA:8,1
DA:10,4
DA:12,5
DA:13,5
DA:17,1
DA:23,1
DA:25,5
DA:26,5
DA:30,1
DA:33,16
DA:34,1
DA:35,15
DA:36,5
DA:37,10
DA:38,5
DA:40,5
DA:43,16
DA:44,16
DA:48,1
DA:51,15
DA:52,8
DA:54,7
DA:57,15
DA:58,15
LF:26
LH:26
BRDA:7,0,0,1
BRDA:7,0,1,4
BRDA:33,1,0,1
BRDA:33,1,1,15
BRDA:35,2,0,5
BRDA:35,2,1,10
BRDA:37,3,0,5
BRDA:37,3,1,5
BRDA:51,4,0,8
BRDA:51,4,1,7
BRF:10
BRH:10
end_of_record
